<?xml version="1.0" encoding="UTF-8"?>
<!-- Generated by org.testng.reporters.JUnitXMLReporter -->
<testsuite hostname="XIN009ODAB13539" name="Test" tests="6" failures="0" timestamp="10 Jun 2016 07:59:57 GMT" time="29.811" errors="0">
  <testcase name="searchPage" time="1.809" classname="com.hierarchymanager.testLib.VerifySearchPageSalesPersonTab"/>
  <testcase name="searchPage" time="10.983" classname="com.hierarchymanager.testLib.VerifyWFApprovalUnderUtilityTab"/>
  <testcase name="lookFeel" time="0.141" classname="com.hierarchymanager.testLib.VerifyLookFeelHMhomePage"/>
  <testcase name="searchPage" time="5.101" classname="com.hierarchymanager.testLib.SalesPersonTransfer"/>
  <testcase name="searchPage" time="0.047" classname="com.hierarchymanager.testLib.SalesPerson_TeamSearch"/>
  <testcase name="UserTitle" time="0.015" classname="com.hierarchymanager.testLib.HMUserTitle"/>
</testsuite> <!-- Test -->
