<?xml version="1.0" encoding="UTF-8"?>
<!-- Generated by org.testng.reporters.JUnitXMLReporter -->
<testsuite hostname="XIN009ODAB13539" name="Test" tests="5" failures="4" timestamp="30 Jun 2016 10:10:00 GMT" time="27.69" errors="0">
  <testcase name="configureBeforeMethod" time="23.37" classname="com.reports.AllTest.ITS_Summary_Page_Year_End_CloseOut_Link"/>
  <testcase name="configureBeforeMethod" time="0.07" classname="com.reports.AllTest.SelectedIssuesTabExportFunctionality">
    <failure type="org.openqa.selenium.NoSuchWindowException" message="Unable to get browser (WARNING: The server did not provide any stacktrace information)
Command duration or timeout: 10 milliseconds
Build info: version: &amp;apos;2.47.1&amp;apos;, revision: &amp;apos;411b314&amp;apos;, time: &amp;apos;2015-07-30 02:56:46&amp;apos;
System info: host: &amp;apos;XIN009ODAB13539&amp;apos;, ip: &amp;apos;10.140.3.63&amp;apos;, os.name: &amp;apos;Windows 7&amp;apos;, os.arch: &amp;apos;amd64&amp;apos;, os.version: &amp;apos;6.1&amp;apos;, java.version: &amp;apos;1.7.0_60&amp;apos;
Session ID: 0774f48c-003f-4713-98c5-748f76392a78
Driver info: org.openqa.selenium.ie.InternetExplorerDriver
Capabilities [{platform=WINDOWS, javascriptEnabled=true, elementScrollBehavior=0, ignoreZoomSetting=false, enablePersistentHover=false, ie.ensureCleanSession=false, browserName=internet explorer, enableElementCacheCleanup=true, unexpectedAlertBehaviour=dismiss, version=11, pageLoadStrategy=normal, ie.usePerProcessProxy=false, cssSelectorsEnabled=true, ignoreProtectedModeSettings=true, requireWindowFocus=true, initialBrowserUrl=http://localhost:14821/, handlesAlerts=true, ie.forceCreateProcessApi=false, nativeEvents=true, browserAttachTimeout=0, ie.browserCommandLineSwitches=, takesScreenshot=true}]">
      <![CDATA[org.openqa.selenium.NoSuchWindowException: Unable to get browser (WARNING: The server did not provide any stacktrace information)
Command duration or timeout: 10 milliseconds
Build info: version: '2.47.1', revision: '411b314', time: '2015-07-30 02:56:46'
System info: host: 'XIN009ODAB13539', ip: '10.140.3.63', os.name: 'Windows 7', os.arch: 'amd64', os.version: '6.1', java.version: '1.7.0_60'
Session ID: 0774f48c-003f-4713-98c5-748f76392a78
Driver info: org.openqa.selenium.ie.InternetExplorerDriver
Capabilities [{platform=WINDOWS, javascriptEnabled=true, elementScrollBehavior=0, ignoreZoomSetting=false, enablePersistentHover=false, ie.ensureCleanSession=false, browserName=internet explorer, enableElementCacheCleanup=true, unexpectedAlertBehaviour=dismiss, version=11, pageLoadStrategy=normal, ie.usePerProcessProxy=false, cssSelectorsEnabled=true, ignoreProtectedModeSettings=true, requireWindowFocus=true, initialBrowserUrl=http://localhost:14821/, handlesAlerts=true, ie.forceCreateProcessApi=false, nativeEvents=true, browserAttachTimeout=0, ie.browserCommandLineSwitches=, takesScreenshot=true}]
	at org.openqa.selenium.remote.ErrorHandler.createThrowable(ErrorHandler.java:206)
	at org.openqa.selenium.remote.ErrorHandler.throwIfResponseFailed(ErrorHandler.java:158)
	at org.openqa.selenium.remote.RemoteWebDriver.execute(RemoteWebDriver.java:595)
	at org.openqa.selenium.remote.RemoteWebDriver.get(RemoteWebDriver.java:306)
	at com.reports.bussinesslib.LoginHM.login(Unknown Source)
	at com.reports.AllTest.SelectedIssuesTabExportFunctionality.configureBeforeMethod(Unknown Source)
... Removed 27 stack frames]]>
    </failure>
  </testcase> <!-- configureBeforeMethod -->
  <testcase name="configureBeforeMethod" time="0.08" classname="com.reports.AllTest.ITS_Summary_Page_Closed_Link">
    <failure type="org.openqa.selenium.NoSuchWindowException" message="Unable to get browser (WARNING: The server did not provide any stacktrace information)
Command duration or timeout: 10 milliseconds
Build info: version: &amp;apos;2.47.1&amp;apos;, revision: &amp;apos;411b314&amp;apos;, time: &amp;apos;2015-07-30 02:56:46&amp;apos;
System info: host: &amp;apos;XIN009ODAB13539&amp;apos;, ip: &amp;apos;10.140.3.63&amp;apos;, os.name: &amp;apos;Windows 7&amp;apos;, os.arch: &amp;apos;amd64&amp;apos;, os.version: &amp;apos;6.1&amp;apos;, java.version: &amp;apos;1.7.0_60&amp;apos;
Session ID: 0774f48c-003f-4713-98c5-748f76392a78
Driver info: org.openqa.selenium.ie.InternetExplorerDriver
Capabilities [{platform=WINDOWS, javascriptEnabled=true, elementScrollBehavior=0, ignoreZoomSetting=false, enablePersistentHover=false, ie.ensureCleanSession=false, browserName=internet explorer, enableElementCacheCleanup=true, unexpectedAlertBehaviour=dismiss, version=11, pageLoadStrategy=normal, ie.usePerProcessProxy=false, cssSelectorsEnabled=true, ignoreProtectedModeSettings=true, requireWindowFocus=true, initialBrowserUrl=http://localhost:14821/, handlesAlerts=true, ie.forceCreateProcessApi=false, nativeEvents=true, browserAttachTimeout=0, ie.browserCommandLineSwitches=, takesScreenshot=true}]">
      <![CDATA[org.openqa.selenium.NoSuchWindowException: Unable to get browser (WARNING: The server did not provide any stacktrace information)
Command duration or timeout: 10 milliseconds
Build info: version: '2.47.1', revision: '411b314', time: '2015-07-30 02:56:46'
System info: host: 'XIN009ODAB13539', ip: '10.140.3.63', os.name: 'Windows 7', os.arch: 'amd64', os.version: '6.1', java.version: '1.7.0_60'
Session ID: 0774f48c-003f-4713-98c5-748f76392a78
Driver info: org.openqa.selenium.ie.InternetExplorerDriver
Capabilities [{platform=WINDOWS, javascriptEnabled=true, elementScrollBehavior=0, ignoreZoomSetting=false, enablePersistentHover=false, ie.ensureCleanSession=false, browserName=internet explorer, enableElementCacheCleanup=true, unexpectedAlertBehaviour=dismiss, version=11, pageLoadStrategy=normal, ie.usePerProcessProxy=false, cssSelectorsEnabled=true, ignoreProtectedModeSettings=true, requireWindowFocus=true, initialBrowserUrl=http://localhost:14821/, handlesAlerts=true, ie.forceCreateProcessApi=false, nativeEvents=true, browserAttachTimeout=0, ie.browserCommandLineSwitches=, takesScreenshot=true}]
	at org.openqa.selenium.remote.ErrorHandler.createThrowable(ErrorHandler.java:206)
	at org.openqa.selenium.remote.ErrorHandler.throwIfResponseFailed(ErrorHandler.java:158)
	at org.openqa.selenium.remote.RemoteWebDriver.execute(RemoteWebDriver.java:595)
	at org.openqa.selenium.remote.RemoteWebDriver.get(RemoteWebDriver.java:306)
	at com.reports.bussinesslib.LoginHM.login(Unknown Source)
	at com.reports.AllTest.ITS_Summary_Page_Closed_Link.configureBeforeMethod(Unknown Source)
... Removed 27 stack frames]]>
    </failure>
  </testcase> <!-- configureBeforeMethod -->
  <testcase name="configureBeforeMethod" time="0.07" classname="com.reports.AllTest.Selected_Issues_tab_click_on_Issue_header">
    <failure type="org.openqa.selenium.NoSuchWindowException" message="Unable to get browser (WARNING: The server did not provide any stacktrace information)
Command duration or timeout: 10 milliseconds
Build info: version: &amp;apos;2.47.1&amp;apos;, revision: &amp;apos;411b314&amp;apos;, time: &amp;apos;2015-07-30 02:56:46&amp;apos;
System info: host: &amp;apos;XIN009ODAB13539&amp;apos;, ip: &amp;apos;10.140.3.63&amp;apos;, os.name: &amp;apos;Windows 7&amp;apos;, os.arch: &amp;apos;amd64&amp;apos;, os.version: &amp;apos;6.1&amp;apos;, java.version: &amp;apos;1.7.0_60&amp;apos;
Session ID: 0774f48c-003f-4713-98c5-748f76392a78
Driver info: org.openqa.selenium.ie.InternetExplorerDriver
Capabilities [{platform=WINDOWS, javascriptEnabled=true, elementScrollBehavior=0, ignoreZoomSetting=false, enablePersistentHover=false, ie.ensureCleanSession=false, browserName=internet explorer, enableElementCacheCleanup=true, unexpectedAlertBehaviour=dismiss, version=11, pageLoadStrategy=normal, ie.usePerProcessProxy=false, cssSelectorsEnabled=true, ignoreProtectedModeSettings=true, requireWindowFocus=true, initialBrowserUrl=http://localhost:14821/, handlesAlerts=true, ie.forceCreateProcessApi=false, nativeEvents=true, browserAttachTimeout=0, ie.browserCommandLineSwitches=, takesScreenshot=true}]">
      <![CDATA[org.openqa.selenium.NoSuchWindowException: Unable to get browser (WARNING: The server did not provide any stacktrace information)
Command duration or timeout: 10 milliseconds
Build info: version: '2.47.1', revision: '411b314', time: '2015-07-30 02:56:46'
System info: host: 'XIN009ODAB13539', ip: '10.140.3.63', os.name: 'Windows 7', os.arch: 'amd64', os.version: '6.1', java.version: '1.7.0_60'
Session ID: 0774f48c-003f-4713-98c5-748f76392a78
Driver info: org.openqa.selenium.ie.InternetExplorerDriver
Capabilities [{platform=WINDOWS, javascriptEnabled=true, elementScrollBehavior=0, ignoreZoomSetting=false, enablePersistentHover=false, ie.ensureCleanSession=false, browserName=internet explorer, enableElementCacheCleanup=true, unexpectedAlertBehaviour=dismiss, version=11, pageLoadStrategy=normal, ie.usePerProcessProxy=false, cssSelectorsEnabled=true, ignoreProtectedModeSettings=true, requireWindowFocus=true, initialBrowserUrl=http://localhost:14821/, handlesAlerts=true, ie.forceCreateProcessApi=false, nativeEvents=true, browserAttachTimeout=0, ie.browserCommandLineSwitches=, takesScreenshot=true}]
	at org.openqa.selenium.remote.ErrorHandler.createThrowable(ErrorHandler.java:206)
	at org.openqa.selenium.remote.ErrorHandler.throwIfResponseFailed(ErrorHandler.java:158)
	at org.openqa.selenium.remote.RemoteWebDriver.execute(RemoteWebDriver.java:595)
	at org.openqa.selenium.remote.RemoteWebDriver.get(RemoteWebDriver.java:306)
	at com.reports.bussinesslib.LoginHM.login(Unknown Source)
	at com.reports.AllTest.Selected_Issues_tab_click_on_Issue_header.configureBeforeMethod(Unknown Source)
... Removed 27 stack frames]]>
    </failure>
  </testcase> <!-- configureBeforeMethod -->
  <testcase name="configureBeforeMethod" time="0.07" classname="com.reports.AllTest.ITS_Summary_Page_Void_Link">
    <failure type="org.openqa.selenium.NoSuchWindowException" message="Unable to get browser (WARNING: The server did not provide any stacktrace information)
Command duration or timeout: 20 milliseconds
Build info: version: &amp;apos;2.47.1&amp;apos;, revision: &amp;apos;411b314&amp;apos;, time: &amp;apos;2015-07-30 02:56:46&amp;apos;
System info: host: &amp;apos;XIN009ODAB13539&amp;apos;, ip: &amp;apos;10.140.3.63&amp;apos;, os.name: &amp;apos;Windows 7&amp;apos;, os.arch: &amp;apos;amd64&amp;apos;, os.version: &amp;apos;6.1&amp;apos;, java.version: &amp;apos;1.7.0_60&amp;apos;
Session ID: 0774f48c-003f-4713-98c5-748f76392a78
Driver info: org.openqa.selenium.ie.InternetExplorerDriver
Capabilities [{platform=WINDOWS, javascriptEnabled=true, elementScrollBehavior=0, ignoreZoomSetting=false, enablePersistentHover=false, ie.ensureCleanSession=false, browserName=internet explorer, enableElementCacheCleanup=true, unexpectedAlertBehaviour=dismiss, version=11, pageLoadStrategy=normal, ie.usePerProcessProxy=false, cssSelectorsEnabled=true, ignoreProtectedModeSettings=true, requireWindowFocus=true, initialBrowserUrl=http://localhost:14821/, handlesAlerts=true, ie.forceCreateProcessApi=false, nativeEvents=true, browserAttachTimeout=0, ie.browserCommandLineSwitches=, takesScreenshot=true}]">
      <![CDATA[org.openqa.selenium.NoSuchWindowException: Unable to get browser (WARNING: The server did not provide any stacktrace information)
Command duration or timeout: 20 milliseconds
Build info: version: '2.47.1', revision: '411b314', time: '2015-07-30 02:56:46'
System info: host: 'XIN009ODAB13539', ip: '10.140.3.63', os.name: 'Windows 7', os.arch: 'amd64', os.version: '6.1', java.version: '1.7.0_60'
Session ID: 0774f48c-003f-4713-98c5-748f76392a78
Driver info: org.openqa.selenium.ie.InternetExplorerDriver
Capabilities [{platform=WINDOWS, javascriptEnabled=true, elementScrollBehavior=0, ignoreZoomSetting=false, enablePersistentHover=false, ie.ensureCleanSession=false, browserName=internet explorer, enableElementCacheCleanup=true, unexpectedAlertBehaviour=dismiss, version=11, pageLoadStrategy=normal, ie.usePerProcessProxy=false, cssSelectorsEnabled=true, ignoreProtectedModeSettings=true, requireWindowFocus=true, initialBrowserUrl=http://localhost:14821/, handlesAlerts=true, ie.forceCreateProcessApi=false, nativeEvents=true, browserAttachTimeout=0, ie.browserCommandLineSwitches=, takesScreenshot=true}]
	at org.openqa.selenium.remote.ErrorHandler.createThrowable(ErrorHandler.java:206)
	at org.openqa.selenium.remote.ErrorHandler.throwIfResponseFailed(ErrorHandler.java:158)
	at org.openqa.selenium.remote.RemoteWebDriver.execute(RemoteWebDriver.java:595)
	at org.openqa.selenium.remote.RemoteWebDriver.get(RemoteWebDriver.java:306)
	at com.reports.bussinesslib.LoginHM.login(Unknown Source)
	at com.reports.AllTest.ITS_Summary_Page_Void_Link.configureBeforeMethod(Unknown Source)
... Removed 27 stack frames]]>
    </failure>
  </testcase> <!-- configureBeforeMethod -->
</testsuite> <!-- Test -->
