<?xml version="1.0" encoding="UTF-8"?>
<testng-results skipped="0" failed="0" total="1" passed="1">
  <reporter-output>
  </reporter-output>
  <suite name="Default suite" duration-ms="13740" started-at="2016-07-01T13:03:37Z" finished-at="2016-07-01T13:03:51Z">
    <groups>
    </groups>
    <test name="Default test" duration-ms="13740" started-at="2016-07-01T13:03:37Z" finished-at="2016-07-01T13:03:51Z">
      <class name="com.hierarchymanager.testLib.SalesPersonTransfer">
        <test-method status="PASS" signature="LoginToApp()[pri:0, instance:com.hierarchymanager.testLib.SalesPersonTransfer@85a4506]" name="LoginToApp" is-config="true" duration-ms="8403" started-at="2016-07-01T18:33:37Z" finished-at="2016-07-01T18:33:46Z">
          <reporter-output>
          </reporter-output>
        </test-method> <!-- LoginToApp -->
        <test-method status="PASS" signature="searchPage()[pri:0, instance:com.hierarchymanager.testLib.SalesPersonTransfer@85a4506]" name="searchPage" duration-ms="5312" started-at="2016-07-01T18:33:46Z" finished-at="2016-07-01T18:33:51Z">
          <reporter-output>
          </reporter-output>
        </test-method> <!-- searchPage -->
      </class> <!-- com.hierarchymanager.testLib.SalesPersonTransfer -->
    </test> <!-- Default test -->
  </suite> <!-- Default suite -->
</testng-results>
